Arguments: 
  C:\Program Files\nodejs\node.exe C:\Users\LAGV\AppData\Roaming\npm\node_modules\yarn\bin\yarn.js add express

PATH: 
  C:\WINDOWS\system32;C:\WINDOWS;C:\WINDOWS\System32\Wbem;C:\WINDOWS\System32\WindowsPowerShell\v1.0\;C:\WINDOWS\System32\OpenSSH\;C:\Program Files\dotnet\;C:\Program Files\Microsoft SQL Server\130\Tools\Binn\;C:\Program Files\Microsoft SQL Server\Client SDK\ODBC\170\Tools\Binn\;C:\Program Files (x86)\Microsoft SQL Server\150\Tools\Binn\;C:\Program Files\Microsoft SQL Server\150\Tools\Binn\;C:\Program Files\Microsoft SQL Server\150\DTS\Binn\;C:\Program Files\Git\cmd;C:\Gradle\gradle-6.0.1\bin;C:\Program Files\PuTTY\;C:\Program Files\Microsoft SQL Server\140\Tools\Binn\;C:\Program Files\Microchip\xc8\v2.32\bin;C:\Program Files (x86)\dotnet\;C:\Program Files\nodejs\;C:\Program Files\Amazon\AWSCLI\bin\;C:\Program Files (x86)\Microsoft SQL Server\150\DTS\Binn\;C:\Program Files\Azure Data Studio\bin;C:\Program Files\apache-maven-3.8.5-bin\apache-maven-3.8.5\bin;C:\Program Files\Java\jdk1.8.0_202\bin;;C:\Program Files\Docker\Docker\resources\bin;C:\ProgramData\DockerDesktop\version-bin;C:\Users\LAGV\AppData\Local\Microsoft\WindowsApps;C:\Users\LAGV\AppData\Local\Programs\Microsoft VS Code\bin;C:\Gradle\gradle-6.0.1\bin;C:\Users\LAGV\.deno\bin;C:\Users\LAGV\AppData\Local\Microsoft\WindowsApps;C:\Users\LAGV\.dotnet\tools;C:\Users\LAGV\AppData\Roaming\npm;C:\Program Files\Azure Data Studio\bin;C:\Program Files\apache-maven-3.8.5-bin\apache-maven-3.8.5\bin;C:\Program Files\Java\jdk1.8.0_202\bin;C:\Users\LAGV\AppData\Local\Programs\Python\Python310;C:\Users\LAGV\AppData\Local\Programs\Python\Python310\Scripts;

Yarn version: 
  1.22.17

Node version: 
  16.14.0

Platform: 
  win32 x64

Trace: 
  Error: https://classgather-884259710201.d.codeartifact.us-west-2.amazonaws.com/npm/classgather/express: Unauthenticated: request used expired credentials. Please renew your credentials.
      at Request.params.callback [as _callback] (C:\Users\LAGV\AppData\Roaming\npm\node_modules\yarn\lib\cli.js:67029:18)
      at Request.self.callback (C:\Users\LAGV\AppData\Roaming\npm\node_modules\yarn\lib\cli.js:140883:22)
      at Request.emit (node:events:520:28)
      at Request.<anonymous> (C:\Users\LAGV\AppData\Roaming\npm\node_modules\yarn\lib\cli.js:141855:10)
      at Request.emit (node:events:520:28)
      at Gunzip.<anonymous> (C:\Users\LAGV\AppData\Roaming\npm\node_modules\yarn\lib\cli.js:141777:12)
      at Object.onceWrapper (node:events:639:28)
      at Gunzip.emit (node:events:520:28)
      at endReadableNT (node:internal/streams/readable:1346:12)
      at processTicksAndRejections (node:internal/process/task_queues:83:21)

npm manifest: 
  {
    "name": "servidor",
    "version": "1.0.0",
    "description": "",
    "main": "index.js",
    "scripts": {
      "test": "echo \"Error: no test specified\" && exit 1"
    },
    "author": "Luis",
    "license": "ISC"
  }

yarn manifest: 
  No manifest

Lockfile: 
  No lockfile
